TN:
SF:src/entities/Aluno.ts
FN:8,Aluno
FN:16,create
FNF:2
FNH:2
FNDA:2,Aluno
FNDA:2,create
DA:1,1
DA:2,1
DA:3,1
DA:4,1
DA:5,1
DA:6,1
DA:7,1
DA:8,1
DA:9,2
DA:10,2
DA:11,2
DA:12,2
DA:13,2
DA:14,2
DA:15,1
DA:16,1
DA:17,2
DA:18,2
DA:19,2
DA:20,1
LF:20
LH:20
BRDA:8,0,0,2
BRDA:16,1,0,2
BRF:2
BRH:2
end_of_record
TN:
SF:src/repositories/in-memory/AlunoRepositoryInMemory.ts
FN:5,AlunoRepositoryInMemory
FN:8,create
FN:17,exists
FNF:3
FNH:3
FNDA:1,AlunoRepositoryInMemory
FNDA:2,create
FNDA:3,exists
DA:1,1
DA:2,1
DA:3,1
DA:4,1
DA:5,1
DA:6,1
DA:7,1
DA:8,1
DA:9,2
DA:10,2
DA:11,2
DA:12,2
DA:13,2
DA:14,2
DA:15,2
DA:16,1
DA:17,1
DA:18,3
DA:19,3
DA:20,3
DA:21,1
LF:21
LH:21
BRDA:5,0,0,1
BRDA:8,1,0,2
BRDA:17,2,0,3
BRDA:18,3,0,3
BRF:4
BRH:4
end_of_record
TN:
SF:src/service/CreateAlunoService.ts
FN:11,CreateAlunoService
FN:13,execute
FNF:2
FNH:2
FNDA:1,CreateAlunoService
FNDA:3,execute
DA:1,1
DA:2,1
DA:3,1
DA:4,1
DA:5,1
DA:6,1
DA:7,1
DA:8,1
DA:9,1
DA:10,1
DA:11,1
DA:12,1
DA:13,1
DA:14,3
DA:15,3
DA:16,3
DA:17,1
DA:18,1
DA:19,3
DA:20,3
DA:21,3
DA:22,3
DA:23,3
DA:24,1
LF:24
LH:24
BRDA:11,0,0,1
BRDA:13,1,0,3
BRDA:16,2,0,1
BRF:3
BRH:3
end_of_record
